<?xml version="1.0" encoding="UTF-8"?>
<testsuite xmlns:xsi="http://www.w3.org/2001/XMLSchema-instance" xsi:noNamespaceSchemaLocation="https://maven.apache.org/surefire/maven-surefire-plugin/xsd/surefire-test-report-3.0.xsd" version="3.0" name="com.ns.iestpffaaarchives.domain.entity.UserTest" time="38.763" tests="2" errors="0" skipped="0" failures="0">
  <properties>
[...]
</properties>
  <testcase name="testUserEquality" classname="com.ns.iestpffaaarchives.domain.entity.UserTest" time="2.126">
    <system-out><![CDATA[18:27:27.615 [main] INFO org.springframework.test.context.support.AnnotationConfigContextLoaderUtils -- Could not detect default configuration classes for test class [com.ns.iestpffaaarchives.domain.entity.UserTest]: UserTest does not declare any static, non-private, non-final, nested classes annotated with @Configuration.
18:27:28.334 [main] INFO org.springframework.boot.test.context.SpringBootTestContextBootstrapper -- Found @SpringBootConfiguration com.ns.iestpffaaarchives.IestpffaaArchivesApplication for test class com.ns.iestpffaaarchives.domain.entity.UserTest
18:27:29.848 [main] INFO org.springframework.boot.devtools.restart.RestartApplicationListener -- Restart disabled due to context in which it is running

  .   ____          _            __ _ _
 /\\ / ___'_ __ _ _(_)_ __  __ _ \ \ \ \
( ( )\___ | '_ | '_| | '_ \/ _` | \ \ \ \
 \\/  ___)| |_)| | | | | || (_| |  ) ) ) )
  '  |____| .__|_| |_|_| |_\__, | / / / /
 =========|_|==============|___/=/_/_/_/

 :: Spring Boot ::                (v3.3.1)

2025-03-26T18:27:32.108-05:00  INFO 8708 --- [           main] c.n.i.domain.entity.UserTest             : Starting UserTest using Java 17 with PID 8708 (started by USUARIO in C:\Users\USUARIO\Desktop\Projects\sistema_archivo_iestpffaa\backend)
2025-03-26T18:27:32.117-05:00  INFO 8708 --- [           main] c.n.i.domain.entity.UserTest             : The following 1 profile is active: "test"
2025-03-26T18:27:37.336-05:00  INFO 8708 --- [           main] .s.d.r.c.RepositoryConfigurationDelegate : Bootstrapping Spring Data JPA repositories in DEFAULT mode.
2025-03-26T18:27:37.793-05:00  INFO 8708 --- [           main] .s.d.r.c.RepositoryConfigurationDelegate : Finished Spring Data repository scanning in 428 ms. Found 2 JPA repository interfaces.
2025-03-26T18:27:40.990-05:00  INFO 8708 --- [           main] o.hibernate.jpa.internal.util.LogHelper  : HHH000204: Processing PersistenceUnitInfo [name: default]
2025-03-26T18:27:41.581-05:00  INFO 8708 --- [           main] org.hibernate.Version                    : HHH000412: Hibernate ORM core version 6.5.2.Final
2025-03-26T18:27:41.949-05:00  INFO 8708 --- [           main] o.h.c.internal.RegionFactoryInitiator    : HHH000026: Second-level cache disabled
2025-03-26T18:27:44.307-05:00  INFO 8708 --- [           main] o.s.o.j.p.SpringPersistenceUnitInfo      : No LoadTimeWeaver setup: ignoring JPA class transformer
2025-03-26T18:27:44.519-05:00  INFO 8708 --- [           main] com.zaxxer.hikari.HikariDataSource       : HikariPool-1 - Starting...
2025-03-26T18:27:45.760-05:00  INFO 8708 --- [           main] com.zaxxer.hikari.pool.HikariPool        : HikariPool-1 - Added connection conn0: url=jdbc:h2:mem:testdb user=SA
2025-03-26T18:27:45.770-05:00  INFO 8708 --- [           main] com.zaxxer.hikari.HikariDataSource       : HikariPool-1 - Start completed.
2025-03-26T18:27:45.882-05:00  WARN 8708 --- [           main] org.hibernate.orm.deprecation            : HHH90000025: H2Dialect does not need to be specified explicitly using 'hibernate.dialect' (remove the property setting and it will be selected by default)
2025-03-26T18:27:51.805-05:00  INFO 8708 --- [           main] o.h.e.t.j.p.i.JtaPlatformInitiator       : HHH000489: No JTA platform available (set 'hibernate.transaction.jta.platform' to enable JTA platform integration)
Hibernate: 
    drop table if exists access_control cascade 
Hibernate: 
    drop table if exists activity_logs cascade 
Hibernate: 
    drop table if exists document_security cascade 
Hibernate: 
    drop table if exists document_tags cascade 
Hibernate: 
    drop table if exists document_types cascade 
Hibernate: 
    drop table if exists document_versions cascade 
Hibernate: 
    drop table if exists documents cascade 
Hibernate: 
    drop table if exists metadata cascade 
Hibernate: 
    drop table if exists notifications cascade 
Hibernate: 
    drop table if exists permissions cascade 
Hibernate: 
    drop table if exists role_permissions cascade 
Hibernate: 
    drop table if exists roles cascade 
Hibernate: 
    drop table if exists system_integrations cascade 
Hibernate: 
    drop table if exists tags cascade 
Hibernate: 
    drop table if exists users cascade 
Hibernate: 
    create table access_control (
        document_id bigint,
        id bigint generated by default as identity,
        role_id bigint,
        user_id bigint,
        permission_type varchar(255) not null,
        primary key (id)
    )
Hibernate: 
    create table activity_logs (
        document_id bigint,
        id bigint generated by default as identity,
        timestamp timestamp(6) not null,
        user_id bigint,
        action_type varchar(255) not null,
        ip_address varchar(255),
        primary key (id)
    )
Hibernate: 
    create table document_security (
        encryption_status boolean,
        id bigint generated by default as identity,
        access_level varchar(255) not null,
        encryption_method varchar(255),
        primary key (id)
    )
Hibernate: 
    create table document_tags (
        document_id bigint not null,
        tag_id bigint not null,
        primary key (document_id, tag_id)
    )
Hibernate: 
    create table document_types (
        id bigint generated by default as identity,
        description varchar(255),
        name varchar(255) not null unique,
        primary key (id)
    )
Hibernate: 
    create table document_versions (
        version_number integer not null,
        author_id bigint,
        document_id bigint,
        id bigint generated by default as identity,
        version_date timestamp(6) not null,
        changes varchar(255),
        file_path varchar(255) not null,
        primary key (id)
    )
Hibernate: 
    create table documents (
        is_deleted boolean,
        version_number integer,
        author_id bigint,
        id bigint generated by default as identity,
        security_id bigint unique,
        type_id bigint,
        upload_date timestamp(6) not null,
        description varchar(255),
        file_path varchar(255) not null,
        format varchar(255) not null,
        title varchar(255) not null,
        primary key (id)
    )
Hibernate: 
    create table metadata (
        expiration_date date,
        document_id bigint unique,
        id bigint generated by default as identity,
        department varchar(255),
        keywords varchar(255),
        primary key (id)
    )
Hibernate: 
    create table notifications (
        created_at timestamp(6) not null,
        id bigint generated by default as identity,
        related_document_id bigint,
        user_id bigint,
        message varchar(255) not null,
        status varchar(255) not null,
        type varchar(255) not null,
        primary key (id)
    )
Hibernate: 
    create table permissions (
        id bigint generated by default as identity,
        description varchar(255),
        name varchar(255) not null unique,
        primary key (id)
    )
Hibernate: 
    create table role_permissions (
        permission_id bigint not null,
        role_id bigint not null,
        primary key (permission_id, role_id)
    )
Hibernate: 
    create table roles (
        id bigint generated by default as identity,
        description varchar(255),
        name varchar(255) not null unique,
        primary key (id)
    )
Hibernate: 
    create table system_integrations (
        id bigint generated by default as identity,
        last_sync timestamp(6),
        api_endpoint varchar(255),
        auth_token varchar(255),
        sync_status varchar(255),
        system_name varchar(255) not null,
        primary key (id)
    )
Hibernate: 
    create table tags (
        id bigint generated by default as identity,
        description varchar(255),
        name varchar(255) not null unique,
        primary key (id)
    )
Hibernate: 
    create table users (
        status boolean not null,
        created_at timestamp(6) not null,
        id bigint generated by default as identity,
        last_login timestamp(6),
        role_id bigint,
        email varchar(255) unique,
        full_name varchar(255),
        password varchar(255) not null,
        username varchar(255) not null unique,
        primary key (id)
    )
Hibernate: 
    alter table if exists access_control 
       add constraint FK5mogv2f609xp9jbt34bi9s25g 
       foreign key (document_id) 
       references documents
Hibernate: 
    alter table if exists access_control 
       add constraint FK3rpt44w82biij4suusxg8yo9i 
       foreign key (role_id) 
       references roles
Hibernate: 
    alter table if exists access_control 
       add constraint FKhxvovcxm57dl4i6hkkkno5jmk 
       foreign key (user_id) 
       references users
Hibernate: 
    alter table if exists activity_logs 
       add constraint FKqulb200fityxges3iilt11oub 
       foreign key (document_id) 
       references documents
Hibernate: 
    alter table if exists activity_logs 
       add constraint FK5bm1lt4f4eevt8lv2517soakd 
       foreign key (user_id) 
       references users
Hibernate: 
    alter table if exists document_tags 
       add constraint FKaurbdl9yo1wsoereckcwejrxs 
       foreign key (tag_id) 
       references tags
Hibernate: 
    alter table if exists document_tags 
       add constraint FKc99c5qjulwx9gru07yrhicgd2 
       foreign key (document_id) 
       references documents
Hibernate: 
    alter table if exists document_versions 
       add constraint FKo076n0pihc1oasrih5akfjb1o 
       foreign key (author_id) 
       references users
Hibernate: 
    alter table if exists document_versions 
       add constraint FKi6p7dgv96b8s8ivf84hqo9pt 
       foreign key (document_id) 
       references documents
Hibernate: 
    alter table if exists documents 
       add constraint FKouq4c7m9dkafopniieriedyxh 
       foreign key (author_id) 
       references users
Hibernate: 
    alter table if exists documents 
       add constraint FK69ruddbll2eqp6r5c98vstdrk 
       foreign key (security_id) 
       references document_security
Hibernate: 
    alter table if exists documents 
       add constraint FKcaosxk6vnuhcwvhh6j1g8nv93 
       foreign key (type_id) 
       references document_types
Hibernate: 
    alter table if exists metadata 
       add constraint FK1yrhsxkbi75eb1l9svmcfbqg 
       foreign key (document_id) 
       references documents
Hibernate: 
    alter table if exists notifications 
       add constraint FKhau01m4ncg8ltiyi4ovk423dy 
       foreign key (related_document_id) 
       references documents
Hibernate: 
    alter table if exists notifications 
       add constraint FK9y21adhxn0ayjhfocscqox7bh 
       foreign key (user_id) 
       references users
Hibernate: 
    alter table if exists role_permissions 
       add constraint FKegdk29eiy7mdtefy5c7eirr6e 
       foreign key (permission_id) 
       references permissions
Hibernate: 
    alter table if exists role_permissions 
       add constraint FKn5fotdgk8d1xvo8nav9uv3muc 
       foreign key (role_id) 
       references roles
Hibernate: 
    alter table if exists users 
       add constraint FKp56c1712k691lhsyewcssf40f 
       foreign key (role_id) 
       references roles
2025-03-26T18:27:52.456-05:00  INFO 8708 --- [           main] j.LocalContainerEntityManagerFactoryBean : Initialized JPA EntityManagerFactory for persistence unit 'default'
2025-03-26T18:27:55.434-05:00  INFO 8708 --- [           main] o.s.d.j.r.query.QueryEnhancerFactory     : Hibernate is in classpath; If applicable, HQL parser will be used.
2025-03-26T18:27:58.845-05:00  WARN 8708 --- [           main] JpaBaseConfiguration$JpaWebConfiguration : spring.jpa.open-in-view is enabled by default. Therefore, database queries may be performed during view rendering. Explicitly configure spring.jpa.open-in-view to disable this warning
2025-03-26T18:27:58.989-05:00  WARN 8708 --- [           main] .s.s.UserDetailsServiceAutoConfiguration : 

Using generated security password: dd113d2a-b492-4871-86f4-86f192a9eda2

This generated password is for development use only. Your security configuration must be updated before running your application in production.

2025-03-26T18:27:59.017-05:00  INFO 8708 --- [           main] r$InitializeUserDetailsManagerConfigurer : Global AuthenticationManager configured with UserDetailsService bean with name inMemoryUserDetailsManager
2025-03-26T18:28:03.173-05:00  INFO 8708 --- [           main] c.n.i.domain.entity.UserTest             : Started UserTest in 33.419 seconds (process running for 39.848)
]]></system-out>
  </testcase>
  <testcase name="testUserCreation" classname="com.ns.iestpffaaarchives.domain.entity.UserTest" time="0.018"/>
</testsuite>